
*** Running vivado
    with args -log draw_rom.vds -m64 -product Vivado -mode batch -messageDb vivado.pb -notrace -source draw_rom.tcl



****** Vivado v2022.2 (64-bit)
  **** SW Build 3671981 on Fri Oct 14 05:00:03 MDT 2022
  **** IP Build 3669848 on Fri Oct 14 08:30:02 MDT 2022
    ** Copyright 1986-2022 Xilinx, Inc. All Rights Reserved.

source draw_rom.tcl -notrace
create_project: Time (s): cpu = 00:00:05 ; elapsed = 00:00:05 . Memory (MB): peak = 372.719 ; gain = 51.898
INFO: [IP_Flow 19-234] Refreshing IP repositories
INFO: [IP_Flow 19-1700] Loaded user IP repository 'c:/Users/Ahmed/Documents/ece385/lab6/hdmi_tx_1.0'.
INFO: [IP_Flow 19-1700] Loaded user IP repository 'c:/Users/Ahmed/Documents/ece385/chess_ip_repo'.
INFO: [IP_Flow 19-2313] Loaded Vivado IP repository 'C:/Xilinx/Vivado/2022.2/data/ip'.
WARNING: [IP_Flow 19-4995] The host OS only allows 260 characters in a normal path. The IP cache path is more than 80 characters. If you experience issues with IP caching, please consider changing the IP cache to a location with a shorter path. Alternately consider using the OS subst command to map part of the path to a drive letter. 
Current IP cache path is c:/users/ahmed/documents/ece385/chess/chess.tmp/hdmi_piece_controller_v1_0_project/hdmi_piece_controller_v1_0_project.cache/ip 
INFO: [IP_Flow 19-6924] IPCACHE: Running cache check for IP inst: draw_rom
Command: synth_design -top draw_rom -part xc7s50csga324-1 -incremental_mode off -mode out_of_context
Starting synth_design
Attempting to get a license for feature 'Synthesis' and/or device 'xc7s50'
INFO: [Common 17-349] Got license for feature 'Synthesis' and/or device 'xc7s50'
INFO: [Device 21-403] Loading part xc7s50csga324-1
INFO: [Synth 8-7079] Multithreading enabled for synth_design using a maximum of 2 processes.
INFO: [Synth 8-7078] Launching helper process for spawning children vivado processes
INFO: [Synth 8-7075] Helper process launched with PID 10180
INFO: [Synth 8-11241] undeclared symbol 'REGCCE', assumed default net type 'wire' [C:/Xilinx/Vivado/2022.2/data/verilog/src/unimacro/BRAM_SINGLE_MACRO.v:2170]
---------------------------------------------------------------------------------
Starting RTL Elaboration : Time (s): cpu = 00:00:07 ; elapsed = 00:00:07 . Memory (MB): peak = 1186.621 ; gain = 408.328
---------------------------------------------------------------------------------
INFO: [Synth 8-638] synthesizing module 'draw_rom' [c:/Users/Ahmed/Documents/ece385/chess_ip_repo/hdmi_piece_controller_1_0/src/draw_rom/synth/draw_rom.vhd:66]
	Parameter C_FAMILY bound to: spartan7 - type: string 
	Parameter C_ADDR_WIDTH bound to: 12 - type: integer 
	Parameter C_DEFAULT_DATA bound to: 0 - type: string 
	Parameter C_DEPTH bound to: 3600 - type: integer 
	Parameter C_HAS_CLK bound to: 0 - type: integer 
	Parameter C_HAS_D bound to: 0 - type: integer 
	Parameter C_HAS_DPO bound to: 0 - type: integer 
	Parameter C_HAS_DPRA bound to: 0 - type: integer 
	Parameter C_HAS_I_CE bound to: 0 - type: integer 
	Parameter C_HAS_QDPO bound to: 0 - type: integer 
	Parameter C_HAS_QDPO_CE bound to: 0 - type: integer 
	Parameter C_HAS_QDPO_CLK bound to: 0 - type: integer 
	Parameter C_HAS_QDPO_RST bound to: 0 - type: integer 
	Parameter C_HAS_QDPO_SRST bound to: 0 - type: integer 
	Parameter C_HAS_QSPO bound to: 0 - type: integer 
	Parameter C_HAS_QSPO_CE bound to: 0 - type: integer 
	Parameter C_HAS_QSPO_RST bound to: 0 - type: integer 
	Parameter C_HAS_QSPO_SRST bound to: 0 - type: integer 
	Parameter C_HAS_SPO bound to: 1 - type: integer 
	Parameter C_HAS_WE bound to: 0 - type: integer 
	Parameter C_MEM_INIT_FILE bound to: draw_rom.mif - type: string 
	Parameter C_ELABORATION_DIR bound to: ./ - type: string 
	Parameter C_MEM_TYPE bound to: 0 - type: integer 
	Parameter C_PIPELINE_STAGES bound to: 0 - type: integer 
	Parameter C_QCE_JOINED bound to: 0 - type: integer 
	Parameter C_QUALIFY_WE bound to: 0 - type: integer 
	Parameter C_READ_MIF bound to: 1 - type: integer 
	Parameter C_REG_A_D_INPUTS bound to: 0 - type: integer 
	Parameter C_REG_DPRA_INPUT bound to: 0 - type: integer 
	Parameter C_SYNC_ENABLE bound to: 1 - type: integer 
	Parameter C_WIDTH bound to: 2 - type: integer 
	Parameter C_PARSER_TYPE bound to: 1 - type: integer 
INFO: [Synth 8-3491] module 'dist_mem_gen_v8_0_13' declared at 'c:/Users/Ahmed/Documents/ece385/chess_ip_repo/hdmi_piece_controller_1_0/src/draw_rom/hdl/dist_mem_gen_v8_0_vhsyn_rfs.vhd:3237' bound to instance 'U0' of component 'dist_mem_gen_v8_0_13' [c:/Users/Ahmed/Documents/ece385/chess_ip_repo/hdmi_piece_controller_1_0/src/draw_rom/synth/draw_rom.vhd:132]
INFO: [Synth 8-256] done synthesizing module 'draw_rom' (0#1) [c:/Users/Ahmed/Documents/ece385/chess_ip_repo/hdmi_piece_controller_1_0/src/draw_rom/synth/draw_rom.vhd:66]
WARNING: [Synth 8-7129] Port qspo[1] in module rom is either unconnected or has no load
WARNING: [Synth 8-7129] Port qspo[0] in module rom is either unconnected or has no load
WARNING: [Synth 8-7129] Port clk in module rom is either unconnected or has no load
WARNING: [Synth 8-7129] Port qspo_ce in module rom is either unconnected or has no load
WARNING: [Synth 8-7129] Port qspo_rst in module rom is either unconnected or has no load
WARNING: [Synth 8-7129] Port qspo_srst in module rom is either unconnected or has no load
WARNING: [Synth 8-7129] Port dpo[1] in module dist_mem_gen_v8_0_13_synth is either unconnected or has no load
WARNING: [Synth 8-7129] Port dpo[0] in module dist_mem_gen_v8_0_13_synth is either unconnected or has no load
WARNING: [Synth 8-7129] Port qdpo[1] in module dist_mem_gen_v8_0_13_synth is either unconnected or has no load
WARNING: [Synth 8-7129] Port qdpo[0] in module dist_mem_gen_v8_0_13_synth is either unconnected or has no load
WARNING: [Synth 8-7129] Port d[1] in module dist_mem_gen_v8_0_13_synth is either unconnected or has no load
WARNING: [Synth 8-7129] Port d[0] in module dist_mem_gen_v8_0_13_synth is either unconnected or has no load
WARNING: [Synth 8-7129] Port dpra[11] in module dist_mem_gen_v8_0_13_synth is either unconnected or has no load
WARNING: [Synth 8-7129] Port dpra[10] in module dist_mem_gen_v8_0_13_synth is either unconnected or has no load
WARNING: [Synth 8-7129] Port dpra[9] in module dist_mem_gen_v8_0_13_synth is either unconnected or has no load
WARNING: [Synth 8-7129] Port dpra[8] in module dist_mem_gen_v8_0_13_synth is either unconnected or has no load
WARNING: [Synth 8-7129] Port dpra[7] in module dist_mem_gen_v8_0_13_synth is either unconnected or has no load
WARNING: [Synth 8-7129] Port dpra[6] in module dist_mem_gen_v8_0_13_synth is either unconnected or has no load
WARNING: [Synth 8-7129] Port dpra[5] in module dist_mem_gen_v8_0_13_synth is either unconnected or has no load
WARNING: [Synth 8-7129] Port dpra[4] in module dist_mem_gen_v8_0_13_synth is either unconnected or has no load
WARNING: [Synth 8-7129] Port dpra[3] in module dist_mem_gen_v8_0_13_synth is either unconnected or has no load
WARNING: [Synth 8-7129] Port dpra[2] in module dist_mem_gen_v8_0_13_synth is either unconnected or has no load
WARNING: [Synth 8-7129] Port dpra[1] in module dist_mem_gen_v8_0_13_synth is either unconnected or has no load
WARNING: [Synth 8-7129] Port dpra[0] in module dist_mem_gen_v8_0_13_synth is either unconnected or has no load
WARNING: [Synth 8-7129] Port we in module dist_mem_gen_v8_0_13_synth is either unconnected or has no load
WARNING: [Synth 8-7129] Port i_ce in module dist_mem_gen_v8_0_13_synth is either unconnected or has no load
WARNING: [Synth 8-7129] Port qdpo_ce in module dist_mem_gen_v8_0_13_synth is either unconnected or has no load
WARNING: [Synth 8-7129] Port qdpo_clk in module dist_mem_gen_v8_0_13_synth is either unconnected or has no load
WARNING: [Synth 8-7129] Port qdpo_rst in module dist_mem_gen_v8_0_13_synth is either unconnected or has no load
WARNING: [Synth 8-7129] Port qdpo_srst in module dist_mem_gen_v8_0_13_synth is either unconnected or has no load
WARNING: [Synth 8-7129] Port d[1] in module dist_mem_gen_v8_0_13 is either unconnected or has no load
WARNING: [Synth 8-7129] Port d[0] in module dist_mem_gen_v8_0_13 is either unconnected or has no load
WARNING: [Synth 8-7129] Port dpra[11] in module dist_mem_gen_v8_0_13 is either unconnected or has no load
WARNING: [Synth 8-7129] Port dpra[10] in module dist_mem_gen_v8_0_13 is either unconnected or has no load
WARNING: [Synth 8-7129] Port dpra[9] in module dist_mem_gen_v8_0_13 is either unconnected or has no load
WARNING: [Synth 8-7129] Port dpra[8] in module dist_mem_gen_v8_0_13 is either unconnected or has no load
WARNING: [Synth 8-7129] Port dpra[7] in module dist_mem_gen_v8_0_13 is either unconnected or has no load
WARNING: [Synth 8-7129] Port dpra[6] in module dist_mem_gen_v8_0_13 is either unconnected or has no load
WARNING: [Synth 8-7129] Port dpra[5] in module dist_mem_gen_v8_0_13 is either unconnected or has no load
WARNING: [Synth 8-7129] Port dpra[4] in module dist_mem_gen_v8_0_13 is either unconnected or has no load
WARNING: [Synth 8-7129] Port dpra[3] in module dist_mem_gen_v8_0_13 is either unconnected or has no load
WARNING: [Synth 8-7129] Port dpra[2] in module dist_mem_gen_v8_0_13 is either unconnected or has no load
WARNING: [Synth 8-7129] Port dpra[1] in module dist_mem_gen_v8_0_13 is either unconnected or has no load
WARNING: [Synth 8-7129] Port dpra[0] in module dist_mem_gen_v8_0_13 is either unconnected or has no load
WARNING: [Synth 8-7129] Port clk in module dist_mem_gen_v8_0_13 is either unconnected or has no load
WARNING: [Synth 8-7129] Port we in module dist_mem_gen_v8_0_13 is either unconnected or has no load
WARNING: [Synth 8-7129] Port i_ce in module dist_mem_gen_v8_0_13 is either unconnected or has no load
WARNING: [Synth 8-7129] Port qspo_ce in module dist_mem_gen_v8_0_13 is either unconnected or has no load
WARNING: [Synth 8-7129] Port qdpo_ce in module dist_mem_gen_v8_0_13 is either unconnected or has no load
WARNING: [Synth 8-7129] Port qdpo_clk in module dist_mem_gen_v8_0_13 is either unconnected or has no load
WARNING: [Synth 8-7129] Port qspo_rst in module dist_mem_gen_v8_0_13 is either unconnected or has no load
WARNING: [Synth 8-7129] Port qdpo_rst in module dist_mem_gen_v8_0_13 is either unconnected or has no load
WARNING: [Synth 8-7129] Port qspo_srst in module dist_mem_gen_v8_0_13 is either unconnected or has no load
WARNING: [Synth 8-7129] Port qdpo_srst in module dist_mem_gen_v8_0_13 is either unconnected or has no load
---------------------------------------------------------------------------------
Finished RTL Elaboration : Time (s): cpu = 00:00:10 ; elapsed = 00:00:11 . Memory (MB): peak = 1326.258 ; gain = 547.965
---------------------------------------------------------------------------------
---------------------------------------------------------------------------------
Start Handling Custom Attributes
---------------------------------------------------------------------------------
---------------------------------------------------------------------------------
Finished Handling Custom Attributes : Time (s): cpu = 00:00:11 ; elapsed = 00:00:11 . Memory (MB): peak = 1326.258 ; gain = 547.965
---------------------------------------------------------------------------------
---------------------------------------------------------------------------------
Finished RTL Optimization Phase 1 : Time (s): cpu = 00:00:11 ; elapsed = 00:00:11 . Memory (MB): peak = 1326.258 ; gain = 547.965
---------------------------------------------------------------------------------
Netlist sorting complete. Time (s): cpu = 00:00:00 ; elapsed = 00:00:00.001 . Memory (MB): peak = 1326.258 ; gain = 0.000
INFO: [Project 1-570] Preparing netlist for logic optimization

Processing XDC Constraints
Initializing timing engine
Parsing XDC File [c:/Users/Ahmed/Documents/ece385/chess_ip_repo/hdmi_piece_controller_1_0/src/draw_rom/draw_rom_ooc.xdc] for cell 'U0'
Finished Parsing XDC File [c:/Users/Ahmed/Documents/ece385/chess_ip_repo/hdmi_piece_controller_1_0/src/draw_rom/draw_rom_ooc.xdc] for cell 'U0'
Parsing XDC File [c:/Users/Ahmed/Documents/ece385/chess/chess.tmp/hdmi_piece_controller_v1_0_project/hdmi_piece_controller_v1_0_project.runs/draw_rom_synth_1/dont_touch.xdc]
Finished Parsing XDC File [c:/Users/Ahmed/Documents/ece385/chess/chess.tmp/hdmi_piece_controller_v1_0_project/hdmi_piece_controller_v1_0_project.runs/draw_rom_synth_1/dont_touch.xdc]
Completed Processing XDC Constraints

Netlist sorting complete. Time (s): cpu = 00:00:00 ; elapsed = 00:00:00 . Memory (MB): peak = 1326.258 ; gain = 0.000
INFO: [Project 1-111] Unisim Transformation Summary:
No Unisim elements were transformed.

Constraint Validation Runtime : Time (s): cpu = 00:00:00 ; elapsed = 00:00:00.020 . Memory (MB): peak = 1326.258 ; gain = 0.000
INFO: [Designutils 20-5008] Incremental synthesis strategy off
INFO: [Synth 8-11241] undeclared symbol 'REGCCE', assumed default net type 'wire' [C:/Xilinx/Vivado/2022.2/data/verilog/src/unimacro/BRAM_SINGLE_MACRO.v:2170]
---------------------------------------------------------------------------------
Finished Constraint Validation : Time (s): cpu = 00:00:19 ; elapsed = 00:00:20 . Memory (MB): peak = 1326.258 ; gain = 547.965
---------------------------------------------------------------------------------
---------------------------------------------------------------------------------
Start Loading Part and Timing Information
---------------------------------------------------------------------------------
Loading part: xc7s50csga324-1
---------------------------------------------------------------------------------
Finished Loading Part and Timing Information : Time (s): cpu = 00:00:19 ; elapsed = 00:00:20 . Memory (MB): peak = 1326.258 ; gain = 547.965
---------------------------------------------------------------------------------
---------------------------------------------------------------------------------
Start Applying 'set_property' XDC Constraints
---------------------------------------------------------------------------------
Applied set_property KEEP_HIERARCHY = SOFT for U0. (constraint file  c:/Users/Ahmed/Documents/ece385/chess/chess.tmp/hdmi_piece_controller_v1_0_project/hdmi_piece_controller_v1_0_project.runs/draw_rom_synth_1/dont_touch.xdc, line 9).
---------------------------------------------------------------------------------
Finished applying 'set_property' XDC Constraints : Time (s): cpu = 00:00:19 ; elapsed = 00:00:20 . Memory (MB): peak = 1326.258 ; gain = 547.965
---------------------------------------------------------------------------------
---------------------------------------------------------------------------------
Finished RTL Optimization Phase 2 : Time (s): cpu = 00:00:19 ; elapsed = 00:00:20 . Memory (MB): peak = 1326.258 ; gain = 547.965
---------------------------------------------------------------------------------
---------------------------------------------------------------------------------
Start RTL Component Statistics 
---------------------------------------------------------------------------------
Detailed RTL Component Info : 
---------------------------------------------------------------------------------
Finished RTL Component Statistics 
---------------------------------------------------------------------------------
---------------------------------------------------------------------------------
Start Part Resource Summary
---------------------------------------------------------------------------------
Part Resources:
DSPs: 120 (col length:60)
BRAMs: 150 (col length: RAMB18 60 RAMB36 30)
---------------------------------------------------------------------------------
Finished Part Resource Summary
---------------------------------------------------------------------------------
---------------------------------------------------------------------------------
Start Cross Boundary and Area Optimization
---------------------------------------------------------------------------------
WARNING: [Synth 8-7080] Parallel synthesis criteria is not met
WARNING: [Synth 8-7129] Port dpo[1] in module dist_mem_gen_v8_0_13 is either unconnected or has no load
WARNING: [Synth 8-7129] Port dpo[0] in module dist_mem_gen_v8_0_13 is either unconnected or has no load
WARNING: [Synth 8-7129] Port qspo[1] in module dist_mem_gen_v8_0_13 is either unconnected or has no load
WARNING: [Synth 8-7129] Port qspo[0] in module dist_mem_gen_v8_0_13 is either unconnected or has no load
WARNING: [Synth 8-7129] Port qdpo[1] in module dist_mem_gen_v8_0_13 is either unconnected or has no load
WARNING: [Synth 8-7129] Port qdpo[0] in module dist_mem_gen_v8_0_13 is either unconnected or has no load
WARNING: [Synth 8-7129] Port d[1] in module dist_mem_gen_v8_0_13 is either unconnected or has no load
WARNING: [Synth 8-7129] Port d[0] in module dist_mem_gen_v8_0_13 is either unconnected or has no load
WARNING: [Synth 8-7129] Port dpra[11] in module dist_mem_gen_v8_0_13 is either unconnected or has no load
WARNING: [Synth 8-7129] Port dpra[10] in module dist_mem_gen_v8_0_13 is either unconnected or has no load
WARNING: [Synth 8-7129] Port dpra[9] in module dist_mem_gen_v8_0_13 is either unconnected or has no load
WARNING: [Synth 8-7129] Port dpra[8] in module dist_mem_gen_v8_0_13 is either unconnected or has no load
WARNING: [Synth 8-7129] Port dpra[7] in module dist_mem_gen_v8_0_13 is either unconnected or has no load
WARNING: [Synth 8-7129] Port dpra[6] in module dist_mem_gen_v8_0_13 is either unconnected or has no load
WARNING: [Synth 8-7129] Port dpra[5] in module dist_mem_gen_v8_0_13 is either unconnected or has no load
WARNING: [Synth 8-7129] Port dpra[4] in module dist_mem_gen_v8_0_13 is either unconnected or has no load
WARNING: [Synth 8-7129] Port dpra[3] in module dist_mem_gen_v8_0_13 is either unconnected or has no load
WARNING: [Synth 8-7129] Port dpra[2] in module dist_mem_gen_v8_0_13 is either unconnected or has no load
WARNING: [Synth 8-7129] Port dpra[1] in module dist_mem_gen_v8_0_13 is either unconnected or has no load
WARNING: [Synth 8-7129] Port dpra[0] in module dist_mem_gen_v8_0_13 is either unconnected or has no load
WARNING: [Synth 8-7129] Port clk in module dist_mem_gen_v8_0_13 is either unconnected or has no load
WARNING: [Synth 8-7129] Port we in module dist_mem_gen_v8_0_13 is either unconnected or has no load
WARNING: [Synth 8-7129] Port i_ce in module dist_mem_gen_v8_0_13 is either unconnected or has no load
WARNING: [Synth 8-7129] Port qspo_ce in module dist_mem_gen_v8_0_13 is either unconnected or has no load
WARNING: [Synth 8-7129] Port qdpo_ce in module dist_mem_gen_v8_0_13 is either unconnected or has no load
WARNING: [Synth 8-7129] Port qdpo_clk in module dist_mem_gen_v8_0_13 is either unconnected or has no load
WARNING: [Synth 8-7129] Port qspo_rst in module dist_mem_gen_v8_0_13 is either unconnected or has no load
WARNING: [Synth 8-7129] Port qdpo_rst in module dist_mem_gen_v8_0_13 is either unconnected or has no load
WARNING: [Synth 8-7129] Port qspo_srst in module dist_mem_gen_v8_0_13 is either unconnected or has no load
WARNING: [Synth 8-7129] Port qdpo_srst in module dist_mem_gen_v8_0_13 is either unconnected or has no load
---------------------------------------------------------------------------------
Finished Cross Boundary and Area Optimization : Time (s): cpu = 00:00:24 ; elapsed = 00:00:26 . Memory (MB): peak = 1326.258 ; gain = 547.965
---------------------------------------------------------------------------------
---------------------------------------------------------------------------------
Start ROM, RAM, DSP, Shift Register and Retiming Reporting
---------------------------------------------------------------------------------

ROM: Preliminary Mapping Report
+---------------------+--------------------------------------------------------+---------------+----------------+
|Module Name          | RTL Object                                             | Depth x Width | Implemented As | 
+---------------------+--------------------------------------------------------+---------------+----------------+
|rom                  | rom[3599]                                              | 4096x2        | LUT            | 
|dist_mem_gen_v8_0_13 | synth_options.dist_mem_inst/gen_rom.rom_inst/rom[3599] | 4096x2        | LUT            | 
+---------------------+--------------------------------------------------------+---------------+----------------+

---------------------------------------------------------------------------------
Finished ROM, RAM, DSP, Shift Register and Retiming Reporting
---------------------------------------------------------------------------------
---------------------------------------------------------------------------------
Start Applying XDC Timing Constraints
---------------------------------------------------------------------------------
---------------------------------------------------------------------------------
Finished Applying XDC Timing Constraints : Time (s): cpu = 00:00:30 ; elapsed = 00:00:31 . Memory (MB): peak = 1326.258 ; gain = 547.965
---------------------------------------------------------------------------------
---------------------------------------------------------------------------------
Start Timing Optimization
---------------------------------------------------------------------------------
---------------------------------------------------------------------------------
Finished Timing Optimization : Time (s): cpu = 00:00:30 ; elapsed = 00:00:31 . Memory (MB): peak = 1326.258 ; gain = 547.965
---------------------------------------------------------------------------------
---------------------------------------------------------------------------------
Start Technology Mapping
---------------------------------------------------------------------------------
---------------------------------------------------------------------------------
Finished Technology Mapping : Time (s): cpu = 00:00:30 ; elapsed = 00:00:31 . Memory (MB): peak = 1326.258 ; gain = 547.965
---------------------------------------------------------------------------------
---------------------------------------------------------------------------------
Start IO Insertion
---------------------------------------------------------------------------------
---------------------------------------------------------------------------------
Start Flattening Before IO Insertion
---------------------------------------------------------------------------------
---------------------------------------------------------------------------------
Finished Flattening Before IO Insertion
---------------------------------------------------------------------------------
---------------------------------------------------------------------------------
Start Final Netlist Cleanup
---------------------------------------------------------------------------------
---------------------------------------------------------------------------------
Finished Final Netlist Cleanup
---------------------------------------------------------------------------------
---------------------------------------------------------------------------------
Finished IO Insertion : Time (s): cpu = 00:00:35 ; elapsed = 00:00:36 . Memory (MB): peak = 1326.258 ; gain = 547.965
---------------------------------------------------------------------------------
---------------------------------------------------------------------------------
Start Renaming Generated Instances
---------------------------------------------------------------------------------
---------------------------------------------------------------------------------
Finished Renaming Generated Instances : Time (s): cpu = 00:00:35 ; elapsed = 00:00:36 . Memory (MB): peak = 1326.258 ; gain = 547.965
---------------------------------------------------------------------------------
---------------------------------------------------------------------------------
Start Rebuilding User Hierarchy
---------------------------------------------------------------------------------
---------------------------------------------------------------------------------
Finished Rebuilding User Hierarchy : Time (s): cpu = 00:00:35 ; elapsed = 00:00:36 . Memory (MB): peak = 1326.258 ; gain = 547.965
---------------------------------------------------------------------------------
---------------------------------------------------------------------------------
Start Renaming Generated Ports
---------------------------------------------------------------------------------
---------------------------------------------------------------------------------
Finished Renaming Generated Ports : Time (s): cpu = 00:00:35 ; elapsed = 00:00:36 . Memory (MB): peak = 1326.258 ; gain = 547.965
---------------------------------------------------------------------------------
---------------------------------------------------------------------------------
Start Handling Custom Attributes
---------------------------------------------------------------------------------
---------------------------------------------------------------------------------
Finished Handling Custom Attributes : Time (s): cpu = 00:00:35 ; elapsed = 00:00:36 . Memory (MB): peak = 1326.258 ; gain = 547.965
---------------------------------------------------------------------------------
---------------------------------------------------------------------------------
Start Renaming Generated Nets
---------------------------------------------------------------------------------
---------------------------------------------------------------------------------
Finished Renaming Generated Nets : Time (s): cpu = 00:00:35 ; elapsed = 00:00:36 . Memory (MB): peak = 1326.258 ; gain = 547.965
---------------------------------------------------------------------------------
---------------------------------------------------------------------------------
Start Writing Synthesis Report
---------------------------------------------------------------------------------

Report BlackBoxes: 
+-+--------------+----------+
| |BlackBox name |Instances |
+-+--------------+----------+
+-+--------------+----------+

Report Cell Usage: 
+------+------+------+
|      |Cell  |Count |
+------+------+------+
|1     |LUT6  |    48|
|2     |MUXF7 |    18|
+------+------+------+
---------------------------------------------------------------------------------
Finished Writing Synthesis Report : Time (s): cpu = 00:00:35 ; elapsed = 00:00:36 . Memory (MB): peak = 1326.258 ; gain = 547.965
---------------------------------------------------------------------------------
Synthesis finished with 0 errors, 0 critical warnings and 31 warnings.
Synthesis Optimization Runtime : Time (s): cpu = 00:00:22 ; elapsed = 00:00:34 . Memory (MB): peak = 1326.258 ; gain = 547.965
Synthesis Optimization Complete : Time (s): cpu = 00:00:35 ; elapsed = 00:00:36 . Memory (MB): peak = 1326.258 ; gain = 547.965
INFO: [Project 1-571] Translating synthesized netlist
Netlist sorting complete. Time (s): cpu = 00:00:00 ; elapsed = 00:00:00.001 . Memory (MB): peak = 1326.258 ; gain = 0.000
INFO: [Netlist 29-17] Analyzing 18 Unisim elements for replacement
INFO: [Netlist 29-28] Unisim Transformation completed in 0 CPU seconds
INFO: [Project 1-570] Preparing netlist for logic optimization
INFO: [Opt 31-138] Pushed 0 inverter(s) to 0 load pin(s).
Netlist sorting complete. Time (s): cpu = 00:00:00 ; elapsed = 00:00:00 . Memory (MB): peak = 1326.258 ; gain = 0.000
INFO: [Project 1-111] Unisim Transformation Summary:
No Unisim elements were transformed.

Synth Design complete, checksum: 54951e14
INFO: [Common 17-83] Releasing license: Synthesis
25 Infos, 86 Warnings, 0 Critical Warnings and 0 Errors encountered.
synth_design completed successfully
synth_design: Time (s): cpu = 00:00:40 ; elapsed = 00:00:42 . Memory (MB): peak = 1326.258 ; gain = 922.699
INFO: [Common 17-1381] The checkpoint 'c:/Users/Ahmed/Documents/ece385/chess/chess.tmp/hdmi_piece_controller_v1_0_project/hdmi_piece_controller_v1_0_project.runs/draw_rom_synth_1/draw_rom.dcp' has been generated.
INFO: [Coretcl 2-1648] Added synthesis output to IP cache for IP draw_rom, cache-ID = c16ad7ec8d4c58e6
INFO: [Coretcl 2-1174] Renamed 3 cell refs.
INFO: [Common 17-1381] The checkpoint 'c:/Users/Ahmed/Documents/ece385/chess/chess.tmp/hdmi_piece_controller_v1_0_project/hdmi_piece_controller_v1_0_project.runs/draw_rom_synth_1/draw_rom.dcp' has been generated.
INFO: [runtcl-4] Executing : report_utilization -file draw_rom_utilization_synth.rpt -pb draw_rom_utilization_synth.pb
INFO: [Common 17-206] Exiting Vivado at Tue Apr 30 08:21:03 2024...
