Copyright 1986-2022 Xilinx, Inc. All Rights Reserved.
------------------------------------------------------------------------------------
| Tool Version : Vivado v.2022.2 (win64) Build 3671981 Fri Oct 14 05:00:03 MDT 2022
| Date         : Tue Apr 30 08:42:59 2024
| Host         : DESKTOP-V0B29NK running 64-bit major release  (build 9200)
| Command      : upgrade_ip
| Device       : xc7s50csga324-1
------------------------------------------------------------------------------------

Upgrade Log for IP 'mb_usb_hdmi_piece_controller_0_0'

1. Summary
----------

SUCCESS in the upgrade of mb_usb_hdmi_piece_controller_0_0 (xilinx.com:user:hdmi_piece_controller:1.0) from (Rev. 25) to (Rev. 26)






Copyright 1986-2022 Xilinx, Inc. All Rights Reserved.
------------------------------------------------------------------------------------
| Tool Version : Vivado v.2022.2 (win64) Build 3671981 Fri Oct 14 05:00:03 MDT 2022
| Date         : Mon Apr 29 17:51:49 2024
| Host         : DESKTOP-V0B29NK running 64-bit major release  (build 9200)
| Command      : upgrade_ip
| Device       : xc7s50csga324-1
------------------------------------------------------------------------------------

Upgrade Log for IP 'mb_usb_hdmi_piece_controller_0_0'

1. Summary
----------

SUCCESS in the upgrade of mb_usb_hdmi_piece_controller_0_0 (xilinx.com:user:hdmi_piece_controller:1.0) from (Rev. 24) to (Rev. 25)






Copyright 1986-2022 Xilinx, Inc. All Rights Reserved.
------------------------------------------------------------------------------------
| Tool Version : Vivado v.2022.2 (win64) Build 3671981 Fri Oct 14 05:00:03 MDT 2022
| Date         : Fri Apr 26 21:56:14 2024
| Host         : DESKTOP-V0B29NK running 64-bit major release  (build 9200)
| Command      : upgrade_ip
| Device       : xc7s50csga324-1
------------------------------------------------------------------------------------

Upgrade Log for IP 'mb_usb_hdmi_piece_controller_0_0'

1. Summary
----------

SUCCESS in the upgrade of mb_usb_hdmi_piece_controller_0_0 (xilinx.com:user:hdmi_piece_controller:1.0) from (Rev. 23) to (Rev. 24)






Copyright 1986-2022 Xilinx, Inc. All Rights Reserved.
------------------------------------------------------------------------------------
| Tool Version : Vivado v.2022.2 (win64) Build 3671981 Fri Oct 14 05:00:03 MDT 2022
| Date         : Fri Apr 26 20:53:39 2024
| Host         : DESKTOP-V0B29NK running 64-bit major release  (build 9200)
| Command      : upgrade_ip
| Device       : xc7s50csga324-1
------------------------------------------------------------------------------------

Upgrade Log for IP 'mb_usb_hdmi_piece_controller_0_0'

1. Summary
----------

SUCCESS in the upgrade of mb_usb_hdmi_piece_controller_0_0 (xilinx.com:user:hdmi_piece_controller:1.0) from (Rev. 22) to (Rev. 23)






Copyright 1986-2022 Xilinx, Inc. All Rights Reserved.
------------------------------------------------------------------------------------
| Tool Version : Vivado v.2022.2 (win64) Build 3671981 Fri Oct 14 05:00:03 MDT 2022
| Date         : Fri Apr 26 20:46:20 2024
| Host         : DESKTOP-V0B29NK running 64-bit major release  (build 9200)
| Command      : upgrade_ip
| Device       : xc7s50csga324-1
------------------------------------------------------------------------------------

Upgrade Log for IP 'mb_usb_hdmi_piece_controller_0_0'

1. Summary
----------

SUCCESS in the upgrade of mb_usb_hdmi_piece_controller_0_0 (xilinx.com:user:hdmi_piece_controller:1.0) from (Rev. 21) to (Rev. 22)






Copyright 1986-2022 Xilinx, Inc. All Rights Reserved.
------------------------------------------------------------------------------------
| Tool Version : Vivado v.2022.2 (win64) Build 3671981 Fri Oct 14 05:00:03 MDT 2022
| Date         : Thu Apr 25 23:06:39 2024
| Host         : DESKTOP-V0B29NK running 64-bit major release  (build 9200)
| Command      : upgrade_ip
| Device       : xc7s50csga324-1
------------------------------------------------------------------------------------

Upgrade Log for IP 'mb_usb_hdmi_piece_controller_0_0'

1. Summary
----------

SUCCESS in the upgrade of mb_usb_hdmi_piece_controller_0_0 (xilinx.com:user:hdmi_piece_controller:1.0) from (Rev. 20) to (Rev. 21)






Copyright 1986-2022 Xilinx, Inc. All Rights Reserved.
------------------------------------------------------------------------------------
| Tool Version : Vivado v.2022.2 (win64) Build 3671981 Fri Oct 14 05:00:03 MDT 2022
| Date         : Thu Apr 25 22:38:42 2024
| Host         : DESKTOP-V0B29NK running 64-bit major release  (build 9200)
| Command      : upgrade_ip
| Device       : xc7s50csga324-1
------------------------------------------------------------------------------------

Upgrade Log for IP 'mb_usb_hdmi_piece_controller_0_0'

1. Summary
----------

SUCCESS in the upgrade of mb_usb_hdmi_piece_controller_0_0 (xilinx.com:user:hdmi_piece_controller:1.0) from (Rev. 19) to (Rev. 20)






Copyright 1986-2022 Xilinx, Inc. All Rights Reserved.
------------------------------------------------------------------------------------
| Tool Version : Vivado v.2022.2 (win64) Build 3671981 Fri Oct 14 05:00:03 MDT 2022
| Date         : Thu Apr 25 21:59:39 2024
| Host         : DESKTOP-V0B29NK running 64-bit major release  (build 9200)
| Command      : upgrade_ip
| Device       : xc7s50csga324-1
------------------------------------------------------------------------------------

Upgrade Log for IP 'mb_usb_hdmi_piece_controller_0_0'

1. Summary
----------

SUCCESS in the conversion of mb_usb_hdmi_piece_controller_0_0 (xilinx.com:user:hdmi_piece_controller:1.0 (Rev. 19)) to Vivado generation flows.






Copyright 1986-2022 Xilinx, Inc. All Rights Reserved.
------------------------------------------------------------------------------------
| Tool Version : Vivado v.2022.2 (win64) Build 3671981 Fri Oct 14 05:00:03 MDT 2022
| Date         : Sun Apr 21 12:15:32 2024
| Host         : DESKTOP-V0B29NK running 64-bit major release  (build 9200)
| Command      : upgrade_ip
| Device       : xc7s50csga324-1
------------------------------------------------------------------------------------

Upgrade Log for IP 'mb_usb_hdmi_piece_controller_0_0'

1. Summary
----------

SUCCESS in the upgrade of mb_usb_hdmi_piece_controller_0_0 (xilinx.com:user:hdmi_piece_controller:1.0) from (Rev. 17) to (Rev. 19)






Copyright 1986-2022 Xilinx, Inc. All Rights Reserved.
------------------------------------------------------------------------------------
| Tool Version : Vivado v.2022.2 (win64) Build 3671981 Fri Oct 14 05:00:03 MDT 2022
| Date         : Sat Apr 20 08:42:52 2024
| Host         : DESKTOP-V0B29NK running 64-bit major release  (build 9200)
| Command      : upgrade_ip
| Device       : xc7s50csga324-1
------------------------------------------------------------------------------------

Upgrade Log for IP 'mb_usb_hdmi_piece_controller_0_0'

1. Summary
----------

SUCCESS in the upgrade of mb_usb_hdmi_piece_controller_0_0 (xilinx.com:user:hdmi_piece_controller:1.0) from (Rev. 16) to (Rev. 17)






Copyright 1986-2022 Xilinx, Inc. All Rights Reserved.
------------------------------------------------------------------------------------
| Tool Version : Vivado v.2022.2 (win64) Build 3671981 Fri Oct 14 05:00:03 MDT 2022
| Date         : Sat Apr 20 08:29:00 2024
| Host         : DESKTOP-V0B29NK running 64-bit major release  (build 9200)
| Command      : upgrade_ip
| Device       : xc7s50csga324-1
------------------------------------------------------------------------------------

Upgrade Log for IP 'mb_usb_hdmi_piece_controller_0_0'

1. Summary
----------

SUCCESS in the conversion of mb_usb_hdmi_piece_controller_0_0 (xilinx.com:user:hdmi_piece_controller:1.0 (Rev. 16)) to Vivado generation flows.






Copyright 1986-2022 Xilinx, Inc. All Rights Reserved.
------------------------------------------------------------------------------------
| Tool Version : Vivado v.2022.2 (win64) Build 3671981 Fri Oct 14 05:00:03 MDT 2022
| Date         : Fri Apr 19 19:55:23 2024
| Host         : DESKTOP-V0B29NK running 64-bit major release  (build 9200)
| Command      : upgrade_ip
| Device       : xc7s50csga324-1
------------------------------------------------------------------------------------

Upgrade Log for IP 'mb_usb_hdmi_piece_controller_0_0'

1. Summary
----------

SUCCESS in the upgrade of mb_usb_hdmi_piece_controller_0_0 (xilinx.com:user:hdmi_piece_controller:1.0) from (Rev. 15) to (Rev. 16)

