Copyright 1986-2022 Xilinx, Inc. All Rights Reserved.
-------------------------------------------------------------------------------------------------------------------------------------------------
| Tool Version     : Vivado v.2022.2 (win64) Build 3671981 Fri Oct 14 05:00:03 MDT 2022
| Date             : Tue Apr 30 09:19:48 2024
| Host             : DESKTOP-V0B29NK running 64-bit major release  (build 9200)
| Command          : report_power -file chess_top_power_routed.rpt -pb chess_top_power_summary_routed.pb -rpx chess_top_power_routed.rpx
| Design           : chess_top
| Device           : xc7s50csga324-1
| Design State     : routed
| Grade            : commercial
| Process          : typical
| Characterization : Production
-------------------------------------------------------------------------------------------------------------------------------------------------

Power Report

Table of Contents
-----------------
1. Summary
1.1 On-Chip Components
1.2 Power Supply Summary
1.3 Confidence Level
2. Settings
2.1 Environment
2.2 Clock Constraints
3. Detailed Reports
3.1 By Hierarchy

1. Summary
----------

+--------------------------+--------------+
| Total On-Chip Power (W)  | 0.649        |
| Design Power Budget (W)  | Unspecified* |
| Power Budget Margin (W)  | NA           |
| Dynamic (W)              | 0.568        |
| Device Static (W)        | 0.080        |
| Effective TJA (C/W)      | 4.9          |
| Max Ambient (C)          | 81.8         |
| Junction Temperature (C) | 28.2         |
| Confidence Level         | Low          |
| Setting File             | ---          |
| Simulation Activity File | ---          |
| Design Nets Matched      | NA           |
+--------------------------+--------------+
* Specify Design Power Budget using, set_operating_conditions -design_power_budget <value in Watts>


1.1 On-Chip Components
----------------------

+--------------------------+-----------+----------+-----------+-----------------+
| On-Chip                  | Power (W) | Used     | Available | Utilization (%) |
+--------------------------+-----------+----------+-----------+-----------------+
| Clocks                   |     0.020 |       12 |       --- |             --- |
| Slice Logic              |     0.066 |    33019 |       --- |             --- |
|   LUT as Logic           |     0.062 |    19297 |     32600 |           59.19 |
|   F7/F8 Muxes            |     0.002 |     4591 |     32600 |           14.08 |
|   LUT as Distributed RAM |     0.001 |      172 |      9600 |            1.79 |
|   CARRY4                 |     0.001 |      677 |      8150 |            8.31 |
|   Register               |    <0.001 |     4910 |     65200 |            7.53 |
|   LUT as Shift Register  |    <0.001 |      112 |      9600 |            1.17 |
|   Others                 |     0.000 |     1185 |       --- |             --- |
| Signals                  |     0.082 |    22686 |       --- |             --- |
| Block RAM                |     0.025 |     71.5 |        75 |           95.33 |
| MMCM                     |     0.212 |        2 |         5 |           40.00 |
| DSPs                     |     0.025 |       91 |       120 |           75.83 |
| I/O                      |     0.139 |       42 |       210 |           20.00 |
| Static Power             |     0.080 |          |           |                 |
| Total                    |     0.649 |          |           |                 |
+--------------------------+-----------+----------+-----------+-----------------+


1.2 Power Supply Summary
------------------------

+-----------+-------------+-----------+-------------+------------+-------------+-------------+------------+
| Source    | Voltage (V) | Total (A) | Dynamic (A) | Static (A) | Powerup (A) | Budget (A)  | Margin (A) |
+-----------+-------------+-----------+-------------+------------+-------------+-------------+------------+
| Vccint    |       1.000 |     0.231 |       0.217 |      0.014 |       NA    | Unspecified | NA         |
| Vccaux    |       1.800 |     0.130 |       0.117 |      0.013 |       NA    | Unspecified | NA         |
| Vcco33    |       3.300 |     0.041 |       0.040 |      0.001 |       NA    | Unspecified | NA         |
| Vcco25    |       2.500 |     0.003 |       0.002 |      0.001 |       NA    | Unspecified | NA         |
| Vcco18    |       1.800 |     0.000 |       0.000 |      0.000 |       NA    | Unspecified | NA         |
| Vcco15    |       1.500 |     0.000 |       0.000 |      0.000 |       NA    | Unspecified | NA         |
| Vcco135   |       1.350 |     0.000 |       0.000 |      0.000 |       NA    | Unspecified | NA         |
| Vcco12    |       1.200 |     0.000 |       0.000 |      0.000 |       NA    | Unspecified | NA         |
| Vccaux_io |       1.800 |     0.000 |       0.000 |      0.000 |       NA    | Unspecified | NA         |
| Vccbram   |       1.000 |     0.004 |       0.002 |      0.002 |       NA    | Unspecified | NA         |
| Vccadc    |       1.800 |     0.020 |       0.000 |      0.020 |       NA    | Unspecified | NA         |
+-----------+-------------+-----------+-------------+------------+-------------+-------------+------------+


1.3 Confidence Level
--------------------

+-----------------------------+------------+--------------------------------------------------------+------------------------------------------------------------------------------------------------------------+
| User Input Data             | Confidence | Details                                                | Action                                                                                                     |
+-----------------------------+------------+--------------------------------------------------------+------------------------------------------------------------------------------------------------------------+
| Design implementation state | High       | Design is routed                                       |                                                                                                            |
| Clock nodes activity        | High       | User specified more than 95% of clocks                 |                                                                                                            |
| I/O nodes activity          | Low        | More than 75% of inputs are missing user specification | Provide missing input activity with simulation results or by editing the "By Resource Type -> I/Os" view   |
| Internal nodes activity     | Medium     | User specified less than 25% of internal nodes         | Provide missing internal nodes activity with simulation results or by editing the "By Resource Type" views |
| Device models               | High       | Device models are Production                           |                                                                                                            |
|                             |            |                                                        |                                                                                                            |
| Overall confidence level    | Low        |                                                        |                                                                                                            |
+-----------------------------+------------+--------------------------------------------------------+------------------------------------------------------------------------------------------------------------+


2. Settings
-----------

2.1 Environment
---------------

+-----------------------+--------------------------+
| Ambient Temp (C)      | 25.0                     |
| ThetaJA (C/W)         | 4.9                      |
| Airflow (LFM)         | 250                      |
| Heat Sink             | medium (Medium Profile)  |
| ThetaSA (C/W)         | 4.6                      |
| Board Selection       | medium (10"x10")         |
| # of Board Layers     | 12to15 (12 to 15 Layers) |
| Board Temperature (C) | 25.0                     |
+-----------------------+--------------------------+


2.2 Clock Constraints
---------------------

+----------------------------------------------------------+-----------------------------------------------------------------------+-----------------+
| Clock                                                    | Domain                                                                | Constraint (ns) |
+----------------------------------------------------------+-----------------------------------------------------------------------+-----------------+
| clk_100                                                  | Clk                                                                   |            10.0 |
| clk_100                                                  | Clk_IBUF                                                              |            10.0 |
| clk_out1_clk_wiz_0_1                                     | mb_usb_i/hdmi_piece_controller_0/inst/clk_wiz/inst/clk_out1_clk_wiz_0 |            40.0 |
| clk_out1_mb_usb_clk_wiz_1_0                              | mb_usb_i/clk_wiz_1/inst/clk_out1                                      |            10.0 |
| clk_out1_mb_usb_clk_wiz_1_0                              | mb_usb_i/clk_wiz_1/inst/clk_out1_mb_usb_clk_wiz_1_0                   |            10.0 |
| clk_out2_clk_wiz_0_1                                     | mb_usb_i/hdmi_piece_controller_0/inst/clk_wiz/inst/clk_out2_clk_wiz_0 |             8.0 |
| clkfbout_clk_wiz_0_1                                     | mb_usb_i/hdmi_piece_controller_0/inst/clk_wiz/inst/clkfbout_clk_wiz_0 |            10.0 |
| clkfbout_mb_usb_clk_wiz_1_0                              | mb_usb_i/clk_wiz_1/inst/clkfbout_mb_usb_clk_wiz_1_0                   |            10.0 |
| mb_usb_i/mdm_1/U0/Use_E2.BSCAN_I/Use_E2.BSCANE2_I/DRCK   | mb_usb_i/mdm_1/U0/Use_E2.BSCAN_I/DRCK                                 |            33.3 |
| mb_usb_i/mdm_1/U0/Use_E2.BSCAN_I/Use_E2.BSCANE2_I/UPDATE | mb_usb_i/mdm_1/U0/Use_E2.BSCAN_I/Dbg_Update_0                         |            33.3 |
+----------------------------------------------------------+-----------------------------------------------------------------------+-----------------+


3. Detailed Reports
-------------------

3.1 By Hierarchy
----------------

+-----------------------------+-----------+
| Name                        | Power (W) |
+-----------------------------+-----------+
| chess_top                   |     0.568 |
|   mb_usb_i                  |     0.560 |
|     clk_wiz_1               |     0.106 |
|       inst                  |     0.106 |
|     hdmi_piece_controller_0 |     0.426 |
|       inst                  |     0.426 |
|     microblaze_0            |     0.017 |
|       U0                    |     0.017 |
|     microblaze_0_axi_intc   |     0.001 |
|       U0                    |     0.001 |
|     microblaze_0_axi_periph |     0.001 |
|       xbar                  |     0.001 |
|     spi_usb                 |     0.004 |
|       U0                    |     0.004 |
|     timer_usb_axi           |     0.002 |
|       U0                    |     0.002 |
+-----------------------------+-----------+


